   Qt/MSBuild: 3.3.1.1
   Qt: 6.9.0
  uic PolyCalc_first_try.ui
  moc PolyCalc_first_try.h
  PolyCalc_first_try.cpp
  main.cpp
C:\Users\xxt\source\repos\PolyCalc_first_try\PolyCalc_first_try\PolyCalc_first_try.cpp(1,1): warning C4828: 文件包含在偏移 0x4c 处开始的字符，该字符在当前源字符集中无效(代码页 65001)。
C:\Users\xxt\source\repos\PolyCalc_first_try\PolyCalc_first_try\PolyCalc_first_try.cpp(1,1): warning C4828: 文件包含在偏移 0x4d 处开始的字符，该字符在当前源字符集中无效(代码页 65001)。
C:\Users\xxt\source\repos\PolyCalc_first_try\PolyCalc_first_try\PolyCalc_first_try.cpp(1,1): warning C4828: 文件包含在偏移 0x4e 处开始的字符，该字符在当前源字符集中无效(代码页 65001)。
C:\Users\xxt\source\repos\PolyCalc_first_try\PolyCalc_first_try\PolyCalc_first_try.cpp(1,1): warning C4828: 文件包含在偏移 0x4f 处开始的字符，该字符在当前源字符集中无效(代码页 65001)。
C:\Users\xxt\source\repos\PolyCalc_first_try\PolyCalc_first_try\PolyCalc_first_try.cpp(1,1): warning C4828: 文件包含在偏移 0x50 处开始的字符，该字符在当前源字符集中无效(代码页 65001)。
C:\Users\xxt\source\repos\PolyCalc_first_try\PolyCalc_first_try\PolyCalc_first_try.cpp(1,1): warning C4828: 文件包含在偏移 0x51 处开始的字符，该字符在当前源字符集中无效(代码页 65001)。
C:\Users\xxt\source\repos\PolyCalc_first_try\PolyCalc_first_try\PolyCalc_first_try.cpp(1,1): warning C4828: 文件包含在偏移 0x52 处开始的字符，该字符在当前源字符集中无效(代码页 65001)。
C:\Users\xxt\source\repos\PolyCalc_first_try\PolyCalc_first_try\PolyCalc_first_try.cpp(1,1): warning C4828: 文件包含在偏移 0x53 处开始的字符，该字符在当前源字符集中无效(代码页 65001)。
C:\Users\xxt\source\repos\PolyCalc_first_try\PolyCalc_first_try\PolyCalc_first_try.cpp(1,1): warning C4828: 文件包含在偏移 0x55 处开始的字符，该字符在当前源字符集中无效(代码页 65001)。
C:\Users\xxt\source\repos\PolyCalc_first_try\PolyCalc_first_try\PolyCalc_first_try.cpp(1,1): warning C4828: 文件包含在偏移 0x56 处开始的字符，该字符在当前源字符集中无效(代码页 65001)。
C:\Users\xxt\source\repos\PolyCalc_first_try\PolyCalc_first_try\PolyCalc_first_try.cpp(1,1): warning C4828: 文件包含在偏移 0x58 处开始的字符，该字符在当前源字符集中无效(代码页 65001)。
C:\Users\xxt\source\repos\PolyCalc_first_try\PolyCalc_first_try\PolyCalc_first_try.cpp(1,1): warning C4828: 文件包含在偏移 0x59 处开始的字符，该字符在当前源字符集中无效(代码页 65001)。
C:\Users\xxt\source\repos\PolyCalc_first_try\PolyCalc_first_try\PolyCalc_first_try.cpp(1,1): warning C4828: 文件包含在偏移 0x5a 处开始的字符，该字符在当前源字符集中无效(代码页 65001)。
C:\Users\xxt\source\repos\PolyCalc_first_try\PolyCalc_first_try\PolyCalc_first_try.cpp(1,1): warning C4828: 文件包含在偏移 0x5c 处开始的字符，该字符在当前源字符集中无效(代码页 65001)。
C:\Users\xxt\source\repos\PolyCalc_first_try\PolyCalc_first_try\PolyCalc_first_try.cpp(1,1): warning C4828: 文件包含在偏移 0x5d 处开始的字符，该字符在当前源字符集中无效(代码页 65001)。
C:\Users\xxt\source\repos\PolyCalc_first_try\PolyCalc_first_try\PolyCalc_first_try.cpp(1,1): warning C4828: 文件包含在偏移 0x5e 处开始的字符，该字符在当前源字符集中无效(代码页 65001)。
C:\Users\xxt\source\repos\PolyCalc_first_try\PolyCalc_first_try\PolyCalc_first_try.cpp(1,1): warning C4828: 文件包含在偏移 0x131 处开始的字符，该字符在当前源字符集中无效(代码页 65001)。
C:\Users\xxt\source\repos\PolyCalc_first_try\PolyCalc_first_try\PolyCalc_first_try.cpp(1,1): warning C4828: 文件包含在偏移 0x132 处开始的字符，该字符在当前源字符集中无效(代码页 65001)。
C:\Users\xxt\source\repos\PolyCalc_first_try\PolyCalc_first_try\PolyCalc_first_try.cpp(1,1): warning C4828: 文件包含在偏移 0x14b 处开始的字符，该字符在当前源字符集中无效(代码页 65001)。
C:\Users\xxt\source\repos\PolyCalc_first_try\PolyCalc_first_try\PolyCalc_first_try.cpp(1,1): warning C4828: 文件包含在偏移 0x14c 处开始的字符，该字符在当前源字符集中无效(代码页 65001)。
C:\Users\xxt\source\repos\PolyCalc_first_try\PolyCalc_first_try\PolyCalc_first_try.cpp(1,1): warning C4828: 文件包含在偏移 0x14d 处开始的字符，该字符在当前源字符集中无效(代码页 65001)。
C:\Users\xxt\source\repos\PolyCalc_first_try\PolyCalc_first_try\PolyCalc_first_try.cpp(1,1): warning C4828: 文件包含在偏移 0x14f 处开始的字符，该字符在当前源字符集中无效(代码页 65001)。
C:\Users\xxt\source\repos\PolyCalc_first_try\PolyCalc_first_try\PolyCalc_first_try.cpp(1,1): warning C4828: 文件包含在偏移 0x153 处开始的字符，该字符在当前源字符集中无效(代码页 65001)。
C:\Users\xxt\source\repos\PolyCalc_first_try\PolyCalc_first_try\PolyCalc_first_try.cpp(1,1): warning C4828: 文件包含在偏移 0x155 处开始的字符，该字符在当前源字符集中无效(代码页 65001)。
C:\Users\xxt\source\repos\PolyCalc_first_try\PolyCalc_first_try\PolyCalc_first_try.cpp(1,1): warning C4828: 文件包含在偏移 0x156 处开始的字符，该字符在当前源字符集中无效(代码页 65001)。
C:\Users\xxt\source\repos\PolyCalc_first_try\PolyCalc_first_try\PolyCalc_first_try.cpp(1,1): warning C4828: 文件包含在偏移 0x157 处开始的字符，该字符在当前源字符集中无效(代码页 65001)。
C:\Users\xxt\source\repos\PolyCalc_first_try\PolyCalc_first_try\PolyCalc_first_try.cpp(1,1): warning C4828: 文件包含在偏移 0x356 处开始的字符，该字符在当前源字符集中无效(代码页 65001)。
C:\Users\xxt\source\repos\PolyCalc_first_try\PolyCalc_first_try\PolyCalc_first_try.cpp(1,1): warning C4828: 文件包含在偏移 0x357 处开始的字符，该字符在当前源字符集中无效(代码页 65001)。
C:\Users\xxt\source\repos\PolyCalc_first_try\PolyCalc_first_try\PolyCalc_first_try.cpp(1,1): warning C4828: 文件包含在偏移 0x35e 处开始的字符，该字符在当前源字符集中无效(代码页 65001)。
C:\Users\xxt\source\repos\PolyCalc_first_try\PolyCalc_first_try\PolyCalc_first_try.cpp(1,1): warning C4828: 文件包含在偏移 0x35f 处开始的字符，该字符在当前源字符集中无效(代码页 65001)。
C:\Users\xxt\source\repos\PolyCalc_first_try\PolyCalc_first_try\PolyCalc_first_try.cpp(1,1): warning C4828: 文件包含在偏移 0x362 处开始的字符，该字符在当前源字符集中无效(代码页 65001)。
C:\Users\xxt\source\repos\PolyCalc_first_try\PolyCalc_first_try\PolyCalc_first_try.cpp(1,1): warning C4828: 文件包含在偏移 0x363 处开始的字符，该字符在当前源字符集中无效(代码页 65001)。
C:\Users\xxt\source\repos\PolyCalc_first_try\PolyCalc_first_try\PolyCalc_first_try.cpp(1,1): warning C4828: 文件包含在偏移 0x366 处开始的字符，该字符在当前源字符集中无效(代码页 65001)。
C:\Users\xxt\source\repos\PolyCalc_first_try\PolyCalc_first_try\PolyCalc_first_try.cpp(1,1): warning C4828: 文件包含在偏移 0x367 处开始的字符，该字符在当前源字符集中无效(代码页 65001)。
C:\Users\xxt\source\repos\PolyCalc_first_try\PolyCalc_first_try\PolyCalc_first_try.cpp(1,1): warning C4828: 文件包含在偏移 0x39e 处开始的字符，该字符在当前源字符集中无效(代码页 65001)。
C:\Users\xxt\source\repos\PolyCalc_first_try\PolyCalc_first_try\PolyCalc_first_try.cpp(1,1): warning C4828: 文件包含在偏移 0x3a0 处开始的字符，该字符在当前源字符集中无效(代码页 65001)。
C:\Users\xxt\source\repos\PolyCalc_first_try\PolyCalc_first_try\PolyCalc_first_try.cpp(1,1): warning C4828: 文件包含在偏移 0x3a2 处开始的字符，该字符在当前源字符集中无效(代码页 65001)。
C:\Users\xxt\source\repos\PolyCalc_first_try\PolyCalc_first_try\PolyCalc_first_try.cpp(1,1): warning C4828: 文件包含在偏移 0x3a3 处开始的字符，该字符在当前源字符集中无效(代码页 65001)。
C:\Users\xxt\source\repos\PolyCalc_first_try\PolyCalc_first_try\PolyCalc_first_try.cpp(1,1): warning C4828: 文件包含在偏移 0x3a6 处开始的字符，该字符在当前源字符集中无效(代码页 65001)。
C:\Users\xxt\source\repos\PolyCalc_first_try\PolyCalc_first_try\PolyCalc_first_try.cpp(1,1): warning C4828: 文件包含在偏移 0x3a8 处开始的字符，该字符在当前源字符集中无效(代码页 65001)。
C:\Users\xxt\source\repos\PolyCalc_first_try\PolyCalc_first_try\PolyCalc_first_try.cpp(1,1): warning C4828: 文件包含在偏移 0x3a9 处开始的字符，该字符在当前源字符集中无效(代码页 65001)。
C:\Users\xxt\source\repos\PolyCalc_first_try\PolyCalc_first_try\PolyCalc_first_try.cpp(1,1): warning C4828: 文件包含在偏移 0x3aa 处开始的字符，该字符在当前源字符集中无效(代码页 65001)。
C:\Users\xxt\source\repos\PolyCalc_first_try\PolyCalc_first_try\PolyCalc_first_try.cpp(1,1): warning C4828: 文件包含在偏移 0x3ab 处开始的字符，该字符在当前源字符集中无效(代码页 65001)。
C:\Users\xxt\source\repos\PolyCalc_first_try\PolyCalc_first_try\PolyCalc_first_try.cpp(1,1): warning C4828: 文件包含在偏移 0x56b 处开始的字符，该字符在当前源字符集中无效(代码页 65001)。
C:\Users\xxt\source\repos\PolyCalc_first_try\PolyCalc_first_try\PolyCalc_first_try.cpp(1,1): warning C4828: 文件包含在偏移 0x56c 处开始的字符，该字符在当前源字符集中无效(代码页 65001)。
C:\Users\xxt\source\repos\PolyCalc_first_try\PolyCalc_first_try\PolyCalc_first_try.cpp(1,1): warning C4828: 文件包含在偏移 0x573 处开始的字符，该字符在当前源字符集中无效(代码页 65001)。
C:\Users\xxt\source\repos\PolyCalc_first_try\PolyCalc_first_try\PolyCalc_first_try.cpp(1,1): warning C4828: 文件包含在偏移 0x574 处开始的字符，该字符在当前源字符集中无效(代码页 65001)。
C:\Users\xxt\source\repos\PolyCalc_first_try\PolyCalc_first_try\PolyCalc_first_try.cpp(1,1): warning C4828: 文件包含在偏移 0x577 处开始的字符，该字符在当前源字符集中无效(代码页 65001)。
C:\Users\xxt\source\repos\PolyCalc_first_try\PolyCalc_first_try\PolyCalc_first_try.cpp(1,1): warning C4828: 文件包含在偏移 0x578 处开始的字符，该字符在当前源字符集中无效(代码页 65001)。
C:\Users\xxt\source\repos\PolyCalc_first_try\PolyCalc_first_try\PolyCalc_first_try.cpp(1,1): warning C4828: 文件包含在偏移 0x57b 处开始的字符，该字符在当前源字符集中无效(代码页 65001)。
C:\Users\xxt\source\repos\PolyCalc_first_try\PolyCalc_first_try\PolyCalc_first_try.cpp(1,1): warning C4828: 文件包含在偏移 0x57c 处开始的字符，该字符在当前源字符集中无效(代码页 65001)。
C:\Users\xxt\source\repos\PolyCalc_first_try\PolyCalc_first_try\PolyCalc_first_try.cpp(1,1): warning C4828: 文件包含在偏移 0x5b3 处开始的字符，该字符在当前源字符集中无效(代码页 65001)。
C:\Users\xxt\source\repos\PolyCalc_first_try\PolyCalc_first_try\PolyCalc_first_try.cpp(1,1): warning C4828: 文件包含在偏移 0x5b5 处开始的字符，该字符在当前源字符集中无效(代码页 65001)。
C:\Users\xxt\source\repos\PolyCalc_first_try\PolyCalc_first_try\PolyCalc_first_try.cpp(1,1): warning C4828: 文件包含在偏移 0x5b7 处开始的字符，该字符在当前源字符集中无效(代码页 65001)。
C:\Users\xxt\source\repos\PolyCalc_first_try\PolyCalc_first_try\PolyCalc_first_try.cpp(1,1): warning C4828: 文件包含在偏移 0x5b8 处开始的字符，该字符在当前源字符集中无效(代码页 65001)。
C:\Users\xxt\source\repos\PolyCalc_first_try\PolyCalc_first_try\PolyCalc_first_try.cpp(1,1): warning C4828: 文件包含在偏移 0x5bb 处开始的字符，该字符在当前源字符集中无效(代码页 65001)。
C:\Users\xxt\source\repos\PolyCalc_first_try\PolyCalc_first_try\PolyCalc_first_try.cpp(1,1): warning C4828: 文件包含在偏移 0x5bd 处开始的字符，该字符在当前源字符集中无效(代码页 65001)。
C:\Users\xxt\source\repos\PolyCalc_first_try\PolyCalc_first_try\PolyCalc_first_try.cpp(1,1): warning C4828: 文件包含在偏移 0x5be 处开始的字符，该字符在当前源字符集中无效(代码页 65001)。
C:\Users\xxt\source\repos\PolyCalc_first_try\PolyCalc_first_try\PolyCalc_first_try.cpp(1,1): warning C4828: 文件包含在偏移 0x5bf 处开始的字符，该字符在当前源字符集中无效(代码页 65001)。
C:\Users\xxt\source\repos\PolyCalc_first_try\PolyCalc_first_try\PolyCalc_first_try.cpp(1,1): warning C4828: 文件包含在偏移 0x5c0 处开始的字符，该字符在当前源字符集中无效(代码页 65001)。
C:\Users\xxt\source\repos\PolyCalc_first_try\PolyCalc_first_try\PolyCalc_first_try.cpp(1,1): warning C4828: 文件包含在偏移 0x781 处开始的字符，该字符在当前源字符集中无效(代码页 65001)。
C:\Users\xxt\source\repos\PolyCalc_first_try\PolyCalc_first_try\PolyCalc_first_try.cpp(1,1): warning C4828: 文件包含在偏移 0x782 处开始的字符，该字符在当前源字符集中无效(代码页 65001)。
C:\Users\xxt\source\repos\PolyCalc_first_try\PolyCalc_first_try\PolyCalc_first_try.cpp(1,1): warning C4828: 文件包含在偏移 0x789 处开始的字符，该字符在当前源字符集中无效(代码页 65001)。
C:\Users\xxt\source\repos\PolyCalc_first_try\PolyCalc_first_try\PolyCalc_first_try.cpp(1,1): warning C4828: 文件包含在偏移 0x78a 处开始的字符，该字符在当前源字符集中无效(代码页 65001)。
C:\Users\xxt\source\repos\PolyCalc_first_try\PolyCalc_first_try\PolyCalc_first_try.cpp(1,1): warning C4828: 文件包含在偏移 0x78d 处开始的字符，该字符在当前源字符集中无效(代码页 65001)。
C:\Users\xxt\source\repos\PolyCalc_first_try\PolyCalc_first_try\PolyCalc_first_try.cpp(1,1): warning C4828: 文件包含在偏移 0x78e 处开始的字符，该字符在当前源字符集中无效(代码页 65001)。
C:\Users\xxt\source\repos\PolyCalc_first_try\PolyCalc_first_try\PolyCalc_first_try.cpp(1,1): warning C4828: 文件包含在偏移 0x791 处开始的字符，该字符在当前源字符集中无效(代码页 65001)。
C:\Users\xxt\source\repos\PolyCalc_first_try\PolyCalc_first_try\PolyCalc_first_try.cpp(1,1): warning C4828: 文件包含在偏移 0x792 处开始的字符，该字符在当前源字符集中无效(代码页 65001)。
C:\Users\xxt\source\repos\PolyCalc_first_try\PolyCalc_first_try\PolyCalc_first_try.cpp(1,1): warning C4828: 文件包含在偏移 0x7c9 处开始的字符，该字符在当前源字符集中无效(代码页 65001)。
C:\Users\xxt\source\repos\PolyCalc_first_try\PolyCalc_first_try\PolyCalc_first_try.cpp(1,1): warning C4828: 文件包含在偏移 0x7cb 处开始的字符，该字符在当前源字符集中无效(代码页 65001)。
C:\Users\xxt\source\repos\PolyCalc_first_try\PolyCalc_first_try\PolyCalc_first_try.cpp(1,1): warning C4828: 文件包含在偏移 0x7cd 处开始的字符，该字符在当前源字符集中无效(代码页 65001)。
C:\Users\xxt\source\repos\PolyCalc_first_try\PolyCalc_first_try\PolyCalc_first_try.cpp(1,1): warning C4828: 文件包含在偏移 0x7ce 处开始的字符，该字符在当前源字符集中无效(代码页 65001)。
C:\Users\xxt\source\repos\PolyCalc_first_try\PolyCalc_first_try\PolyCalc_first_try.cpp(1,1): warning C4828: 文件包含在偏移 0x7d1 处开始的字符，该字符在当前源字符集中无效(代码页 65001)。
C:\Users\xxt\source\repos\PolyCalc_first_try\PolyCalc_first_try\PolyCalc_first_try.cpp(1,1): warning C4828: 文件包含在偏移 0x7d3 处开始的字符，该字符在当前源字符集中无效(代码页 65001)。
C:\Users\xxt\source\repos\PolyCalc_first_try\PolyCalc_first_try\PolyCalc_first_try.cpp(1,1): warning C4828: 文件包含在偏移 0x7d4 处开始的字符，该字符在当前源字符集中无效(代码页 65001)。
C:\Users\xxt\source\repos\PolyCalc_first_try\PolyCalc_first_try\PolyCalc_first_try.cpp(1,1): warning C4828: 文件包含在偏移 0x7d5 处开始的字符，该字符在当前源字符集中无效(代码页 65001)。
C:\Users\xxt\source\repos\PolyCalc_first_try\PolyCalc_first_try\PolyCalc_first_try.cpp(1,1): warning C4828: 文件包含在偏移 0x7d6 处开始的字符，该字符在当前源字符集中无效(代码页 65001)。
  moc_PolyCalc_first_try.cpp
  正在生成代码
  26 of 369 functions ( 7.0%) were compiled, the rest were copied from previous compilation.
    0 functions were new in current compilation
    19 functions had inline decision re-evaluated but remain unchanged
  已完成代码的生成
  PolyCalc_first_try.vcxproj -> C:\Users\xxt\source\repos\PolyCalc_first_try\PolyCalc_first_try\x64\Release\PolyCalc_first_try.exe
