c:\users\xxt\source\repos\polycalc_first_try\polycalc_first_try\x64\debug\vc143.pdb
c:\users\xxt\source\repos\polycalc_first_try\polycalc_first_try\x64\debug\vc143.idb
c:\users\xxt\source\repos\polycalc_first_try\polycalc_first_try\x64\debug\qrc_polycalc_first_try.obj
c:\users\xxt\source\repos\polycalc_first_try\polycalc_first_try\x64\debug\main.obj
c:\users\xxt\source\repos\polycalc_first_try\polycalc_first_try\x64\debug\polycalc_first_try.obj
c:\users\xxt\source\repos\polycalc_first_try\polycalc_first_try\x64\debug\moc_polycalc_first_try.obj
c:\users\xxt\source\repos\polycalc_first_try\polycalc_first_try\x64\debug\qt\moc\moc_polycalc_first_try.cpp
c:\users\xxt\source\repos\polycalc_first_try\polycalc_first_try\x64\debug\qt\uic\ui_polycalc_first_try.h
c:\users\xxt\source\repos\polycalc_first_try\polycalc_first_try\x64\debug\qt\rcc\qrc_polycalc_first_try.cpp
c:\users\xxt\source\repos\polycalc_first_try\polycalc_first_try\x64\debug\polycalc.3eb81aa9.tlog\cl.command.1.tlog
c:\users\xxt\source\repos\polycalc_first_try\polycalc_first_try\x64\debug\polycalc.3eb81aa9.tlog\cl.read.1.tlog
c:\users\xxt\source\repos\polycalc_first_try\polycalc_first_try\x64\debug\polycalc.3eb81aa9.tlog\cl.write.1.tlog
c:\users\xxt\source\repos\polycalc_first_try\polycalc_first_try\x64\debug\polycalc.3eb81aa9.tlog\link.command.1.tlog
c:\users\xxt\source\repos\polycalc_first_try\polycalc_first_try\x64\debug\polycalc.3eb81aa9.tlog\link.read.1.tlog
c:\users\xxt\source\repos\polycalc_first_try\polycalc_first_try\x64\debug\polycalc.3eb81aa9.tlog\link.write.1.tlog
c:\users\xxt\source\repos\polycalc_first_try\polycalc_first_try\x64\debug\polycalc.3eb81aa9.tlog\moc.read.1u.tlog
c:\users\xxt\source\repos\polycalc_first_try\polycalc_first_try\x64\debug\polycalc.3eb81aa9.tlog\moc.write.1u.tlog
c:\users\xxt\source\repos\polycalc_first_try\polycalc_first_try\x64\debug\polycalc.3eb81aa9.tlog\polycalc_first_try.write.1u.tlog
c:\users\xxt\source\repos\polycalc_first_try\polycalc_first_try\x64\debug\polycalc.3eb81aa9.tlog\rcc.read.1u.tlog
c:\users\xxt\source\repos\polycalc_first_try\polycalc_first_try\x64\debug\polycalc.3eb81aa9.tlog\rcc.write.1u.tlog
c:\users\xxt\source\repos\polycalc_first_try\polycalc_first_try\x64\debug\polycalc.3eb81aa9.tlog\uic.read.1u.tlog
c:\users\xxt\source\repos\polycalc_first_try\polycalc_first_try\x64\debug\polycalc.3eb81aa9.tlog\uic.write.1u.tlog
